Determining if the pthread_create exist failed with the following output:
Change Dir: /repo/ssirak/github/BDPT/CMakeFiles/CMakeTmp

Run Build Command:"/usr/bin/make" "cmTC_9e372/fast"
/usr/bin/make -f CMakeFiles/cmTC_9e372.dir/build.make CMakeFiles/cmTC_9e372.dir/build
make[1]: Entering directory '/repo/ssirak/github/BDPT/CMakeFiles/CMakeTmp'
Building C object CMakeFiles/cmTC_9e372.dir/CheckSymbolExists.c.o
/usr/bin/cc    -o CMakeFiles/cmTC_9e372.dir/CheckSymbolExists.c.o   -c /repo/ssirak/github/BDPT/CMakeFiles/CMakeTmp/CheckSymbolExists.c
Linking C executable cmTC_9e372
/usr/bin/cmake -E cmake_link_script CMakeFiles/cmTC_9e372.dir/link.txt --verbose=1
/usr/bin/cc      -rdynamic CMakeFiles/cmTC_9e372.dir/CheckSymbolExists.c.o  -o cmTC_9e372 
CMakeFiles/cmTC_9e372.dir/CheckSymbolExists.c.o: In function `main':
CheckSymbolExists.c:(.text+0x1b): undefined reference to `pthread_create'
collect2: error: ld returned 1 exit status
CMakeFiles/cmTC_9e372.dir/build.make:97: recipe for target 'cmTC_9e372' failed
make[1]: *** [cmTC_9e372] Error 1
make[1]: Leaving directory '/repo/ssirak/github/BDPT/CMakeFiles/CMakeTmp'
Makefile:126: recipe for target 'cmTC_9e372/fast' failed
make: *** [cmTC_9e372/fast] Error 2

File /repo/ssirak/github/BDPT/CMakeFiles/CMakeTmp/CheckSymbolExists.c:
/* */
#include <pthread.h>

int main(int argc, char** argv)
{
  (void)argv;
#ifndef pthread_create
  return ((int*)(&pthread_create))[argc];
#else
  (void)argc;
  return 0;
#endif
}

Determining if the function pthread_create exists in the pthreads failed with the following output:
Change Dir: /repo/ssirak/github/BDPT/CMakeFiles/CMakeTmp

Run Build Command:"/usr/bin/make" "cmTC_2d0fd/fast"
/usr/bin/make -f CMakeFiles/cmTC_2d0fd.dir/build.make CMakeFiles/cmTC_2d0fd.dir/build
make[1]: Entering directory '/repo/ssirak/github/BDPT/CMakeFiles/CMakeTmp'
Building C object CMakeFiles/cmTC_2d0fd.dir/CheckFunctionExists.c.o
/usr/bin/cc   -DCHECK_FUNCTION_EXISTS=pthread_create   -o CMakeFiles/cmTC_2d0fd.dir/CheckFunctionExists.c.o   -c /usr/share/cmake-3.10/Modules/CheckFunctionExists.c
Linking C executable cmTC_2d0fd
/usr/bin/cmake -E cmake_link_script CMakeFiles/cmTC_2d0fd.dir/link.txt --verbose=1
/usr/bin/cc  -DCHECK_FUNCTION_EXISTS=pthread_create    -rdynamic CMakeFiles/cmTC_2d0fd.dir/CheckFunctionExists.c.o  -o cmTC_2d0fd -lpthreads 
/usr/bin/ld: cannot find -lpthreads
collect2: error: ld returned 1 exit status
CMakeFiles/cmTC_2d0fd.dir/build.make:97: recipe for target 'cmTC_2d0fd' failed
make[1]: *** [cmTC_2d0fd] Error 1
make[1]: Leaving directory '/repo/ssirak/github/BDPT/CMakeFiles/CMakeTmp'
Makefile:126: recipe for target 'cmTC_2d0fd/fast' failed
make: *** [cmTC_2d0fd/fast] Error 2


Determining if the pthread_create exist failed with the following output:
Change Dir: /repo/ssirak/github/BDPT/CMakeFiles/CMakeTmp

Run Build Command:"/usr/bin/make" "cmTC_bc1cc/fast"
/usr/bin/make -f CMakeFiles/cmTC_bc1cc.dir/build.make CMakeFiles/cmTC_bc1cc.dir/build
make[1]: Entering directory '/repo/ssirak/github/BDPT/CMakeFiles/CMakeTmp'
Building C object CMakeFiles/cmTC_bc1cc.dir/CheckSymbolExists.c.o
/usr/bin/cc    -o CMakeFiles/cmTC_bc1cc.dir/CheckSymbolExists.c.o   -c /repo/ssirak/github/BDPT/CMakeFiles/CMakeTmp/CheckSymbolExists.c
Linking C executable cmTC_bc1cc
/usr/bin/cmake -E cmake_link_script CMakeFiles/cmTC_bc1cc.dir/link.txt --verbose=1
/usr/bin/cc      -rdynamic CMakeFiles/cmTC_bc1cc.dir/CheckSymbolExists.c.o  -o cmTC_bc1cc 
CMakeFiles/cmTC_bc1cc.dir/CheckSymbolExists.c.o: In function `main':
CheckSymbolExists.c:(.text+0x1b): undefined reference to `pthread_create'
collect2: error: ld returned 1 exit status
CMakeFiles/cmTC_bc1cc.dir/build.make:97: recipe for target 'cmTC_bc1cc' failed
make[1]: *** [cmTC_bc1cc] Error 1
make[1]: Leaving directory '/repo/ssirak/github/BDPT/CMakeFiles/CMakeTmp'
Makefile:126: recipe for target 'cmTC_bc1cc/fast' failed
make: *** [cmTC_bc1cc/fast] Error 2

File /repo/ssirak/github/BDPT/CMakeFiles/CMakeTmp/CheckSymbolExists.c:
/* */
#include <pthread.h>

int main(int argc, char** argv)
{
  (void)argv;
#ifndef pthread_create
  return ((int*)(&pthread_create))[argc];
#else
  (void)argc;
  return 0;
#endif
}

Determining if the function pthread_create exists in the pthreads failed with the following output:
Change Dir: /repo/ssirak/github/BDPT/CMakeFiles/CMakeTmp

Run Build Command:"/usr/bin/make" "cmTC_0b346/fast"
/usr/bin/make -f CMakeFiles/cmTC_0b346.dir/build.make CMakeFiles/cmTC_0b346.dir/build
make[1]: Entering directory '/repo/ssirak/github/BDPT/CMakeFiles/CMakeTmp'
Building C object CMakeFiles/cmTC_0b346.dir/CheckFunctionExists.c.o
/usr/bin/cc   -DCHECK_FUNCTION_EXISTS=pthread_create   -o CMakeFiles/cmTC_0b346.dir/CheckFunctionExists.c.o   -c /usr/share/cmake-3.10/Modules/CheckFunctionExists.c
Linking C executable cmTC_0b346
/usr/bin/cmake -E cmake_link_script CMakeFiles/cmTC_0b346.dir/link.txt --verbose=1
/usr/bin/cc  -DCHECK_FUNCTION_EXISTS=pthread_create    -rdynamic CMakeFiles/cmTC_0b346.dir/CheckFunctionExists.c.o  -o cmTC_0b346 -lpthreads 
/usr/bin/ld: cannot find -lpthreads
collect2: error: ld returned 1 exit status
CMakeFiles/cmTC_0b346.dir/build.make:97: recipe for target 'cmTC_0b346' failed
make[1]: *** [cmTC_0b346] Error 1
make[1]: Leaving directory '/repo/ssirak/github/BDPT/CMakeFiles/CMakeTmp'
Makefile:126: recipe for target 'cmTC_0b346/fast' failed
make: *** [cmTC_0b346/fast] Error 2


Determining if the pthread_create exist failed with the following output:
Change Dir: /repo/ssirak/github/BDPT/CMakeFiles/CMakeTmp

Run Build Command:"/usr/bin/make" "cmTC_15b71/fast"
/usr/bin/make -f CMakeFiles/cmTC_15b71.dir/build.make CMakeFiles/cmTC_15b71.dir/build
make[1]: Entering directory '/repo/ssirak/github/BDPT/CMakeFiles/CMakeTmp'
Building C object CMakeFiles/cmTC_15b71.dir/CheckSymbolExists.c.o
/usr/bin/cc    -o CMakeFiles/cmTC_15b71.dir/CheckSymbolExists.c.o   -c /repo/ssirak/github/BDPT/CMakeFiles/CMakeTmp/CheckSymbolExists.c
Linking C executable cmTC_15b71
/usr/bin/cmake -E cmake_link_script CMakeFiles/cmTC_15b71.dir/link.txt --verbose=1
/usr/bin/cc      -rdynamic CMakeFiles/cmTC_15b71.dir/CheckSymbolExists.c.o  -o cmTC_15b71 
CMakeFiles/cmTC_15b71.dir/CheckSymbolExists.c.o: In function `main':
CheckSymbolExists.c:(.text+0x1b): undefined reference to `pthread_create'
collect2: error: ld returned 1 exit status
CMakeFiles/cmTC_15b71.dir/build.make:97: recipe for target 'cmTC_15b71' failed
make[1]: *** [cmTC_15b71] Error 1
make[1]: Leaving directory '/repo/ssirak/github/BDPT/CMakeFiles/CMakeTmp'
Makefile:126: recipe for target 'cmTC_15b71/fast' failed
make: *** [cmTC_15b71/fast] Error 2

File /repo/ssirak/github/BDPT/CMakeFiles/CMakeTmp/CheckSymbolExists.c:
/* */
#include <pthread.h>

int main(int argc, char** argv)
{
  (void)argv;
#ifndef pthread_create
  return ((int*)(&pthread_create))[argc];
#else
  (void)argc;
  return 0;
#endif
}

Determining if the function pthread_create exists in the pthreads failed with the following output:
Change Dir: /repo/ssirak/github/BDPT/CMakeFiles/CMakeTmp

Run Build Command:"/usr/bin/make" "cmTC_f4ae2/fast"
/usr/bin/make -f CMakeFiles/cmTC_f4ae2.dir/build.make CMakeFiles/cmTC_f4ae2.dir/build
make[1]: Entering directory '/repo/ssirak/github/BDPT/CMakeFiles/CMakeTmp'
Building C object CMakeFiles/cmTC_f4ae2.dir/CheckFunctionExists.c.o
/usr/bin/cc   -DCHECK_FUNCTION_EXISTS=pthread_create   -o CMakeFiles/cmTC_f4ae2.dir/CheckFunctionExists.c.o   -c /usr/share/cmake-3.10/Modules/CheckFunctionExists.c
Linking C executable cmTC_f4ae2
/usr/bin/cmake -E cmake_link_script CMakeFiles/cmTC_f4ae2.dir/link.txt --verbose=1
/usr/bin/cc  -DCHECK_FUNCTION_EXISTS=pthread_create    -rdynamic CMakeFiles/cmTC_f4ae2.dir/CheckFunctionExists.c.o  -o cmTC_f4ae2 -lpthreads 
/usr/bin/ld: cannot find -lpthreads
collect2: error: ld returned 1 exit status
CMakeFiles/cmTC_f4ae2.dir/build.make:97: recipe for target 'cmTC_f4ae2' failed
make[1]: *** [cmTC_f4ae2] Error 1
make[1]: Leaving directory '/repo/ssirak/github/BDPT/CMakeFiles/CMakeTmp'
Makefile:126: recipe for target 'cmTC_f4ae2/fast' failed
make: *** [cmTC_f4ae2/fast] Error 2


Determining if the pthread_create exist failed with the following output:
Change Dir: /repo/ssirak/github/BDPT/CMakeFiles/CMakeTmp

Run Build Command:"/usr/bin/make" "cmTC_8ee3f/fast"
/usr/bin/make -f CMakeFiles/cmTC_8ee3f.dir/build.make CMakeFiles/cmTC_8ee3f.dir/build
make[1]: Entering directory '/repo/ssirak/github/BDPT/CMakeFiles/CMakeTmp'
Building C object CMakeFiles/cmTC_8ee3f.dir/CheckSymbolExists.c.o
/usr/bin/cc    -o CMakeFiles/cmTC_8ee3f.dir/CheckSymbolExists.c.o   -c /repo/ssirak/github/BDPT/CMakeFiles/CMakeTmp/CheckSymbolExists.c
Linking C executable cmTC_8ee3f
/usr/bin/cmake -E cmake_link_script CMakeFiles/cmTC_8ee3f.dir/link.txt --verbose=1
/usr/bin/cc      -rdynamic CMakeFiles/cmTC_8ee3f.dir/CheckSymbolExists.c.o  -o cmTC_8ee3f 
CMakeFiles/cmTC_8ee3f.dir/CheckSymbolExists.c.o: In function `main':
CheckSymbolExists.c:(.text+0x1b): undefined reference to `pthread_create'
collect2: error: ld returned 1 exit status
CMakeFiles/cmTC_8ee3f.dir/build.make:97: recipe for target 'cmTC_8ee3f' failed
make[1]: *** [cmTC_8ee3f] Error 1
make[1]: Leaving directory '/repo/ssirak/github/BDPT/CMakeFiles/CMakeTmp'
Makefile:126: recipe for target 'cmTC_8ee3f/fast' failed
make: *** [cmTC_8ee3f/fast] Error 2

File /repo/ssirak/github/BDPT/CMakeFiles/CMakeTmp/CheckSymbolExists.c:
/* */
#include <pthread.h>

int main(int argc, char** argv)
{
  (void)argv;
#ifndef pthread_create
  return ((int*)(&pthread_create))[argc];
#else
  (void)argc;
  return 0;
#endif
}

Determining if the function pthread_create exists in the pthreads failed with the following output:
Change Dir: /repo/ssirak/github/BDPT/CMakeFiles/CMakeTmp

Run Build Command:"/usr/bin/make" "cmTC_aaed0/fast"
/usr/bin/make -f CMakeFiles/cmTC_aaed0.dir/build.make CMakeFiles/cmTC_aaed0.dir/build
make[1]: Entering directory '/repo/ssirak/github/BDPT/CMakeFiles/CMakeTmp'
Building C object CMakeFiles/cmTC_aaed0.dir/CheckFunctionExists.c.o
/usr/bin/cc   -DCHECK_FUNCTION_EXISTS=pthread_create   -o CMakeFiles/cmTC_aaed0.dir/CheckFunctionExists.c.o   -c /usr/share/cmake-3.10/Modules/CheckFunctionExists.c
Linking C executable cmTC_aaed0
/usr/bin/cmake -E cmake_link_script CMakeFiles/cmTC_aaed0.dir/link.txt --verbose=1
/usr/bin/cc  -DCHECK_FUNCTION_EXISTS=pthread_create    -rdynamic CMakeFiles/cmTC_aaed0.dir/CheckFunctionExists.c.o  -o cmTC_aaed0 -lpthreads 
/usr/bin/ld: cannot find -lpthreads
collect2: error: ld returned 1 exit status
CMakeFiles/cmTC_aaed0.dir/build.make:97: recipe for target 'cmTC_aaed0' failed
make[1]: *** [cmTC_aaed0] Error 1
make[1]: Leaving directory '/repo/ssirak/github/BDPT/CMakeFiles/CMakeTmp'
Makefile:126: recipe for target 'cmTC_aaed0/fast' failed
make: *** [cmTC_aaed0/fast] Error 2


